/!\ FAILSAFE /!\  Tue Oct 06 21:49:46 -0500 2015
  Status: 500 Internal Server Error
  The driver encountered an error: java.sql.SQLException: Access denied for user 'root'@'localhost' (using password: NO)
    C:/Users/VictorManuel/AppData/Roaming/NetBeans/8.0.2/jruby/lib/ruby/gems/1.8/gems/activerecord-jdbc-adapter-0.9.6-java/lib/active_record/connection_adapters/jdbc_adapter.rb:342:in `initialize'
    C:/Users/VictorManuel/AppData/Roaming/NetBeans/8.0.2/jruby/lib/ruby/gems/1.8/gems/activerecord-jdbc-adapter-0.9.6-java/lib/active_record/connection_adapters/jdbc_adapter.rb:474:in `initialize'
    C:/Users/VictorManuel/AppData/Roaming/NetBeans/8.0.2/jruby/lib/ruby/gems/1.8/gems/activerecord-jdbc-adapter-0.9.6-java/lib/active_record/connection_adapters/jdbc_adapter.rb:49:in `jdbc_connection'
    C:/Users/VictorManuel/AppData/Roaming/NetBeans/8.0.2/jruby/lib/ruby/gems/1.8/gems/activerecord-jdbc-adapter-0.9.6-java/lib/jdbc_adapter/jdbc_mysql.rb:21:in `mysql_connection'
    org/jruby/RubyKernel.java:2078:in `send'
    C:/Users/VictorManuel/AppData/Roaming/NetBeans/8.0.2/jruby/lib/ruby/gems/1.8/gems/activerecord-2.3.8/lib/active_record/connection_adapters/abstract/connection_pool.rb:223:in `new_connection'
    C:/Users/VictorManuel/AppData/Roaming/NetBeans/8.0.2/jruby/lib/ruby/gems/1.8/gems/activerecord-2.3.8/lib/active_record/connection_adapters/abstract/connection_pool.rb:245:in `checkout_new_connection'
    C:/Users/VictorManuel/AppData/Roaming/NetBeans/8.0.2/jruby/lib/ruby/gems/1.8/gems/activerecord-2.3.8/lib/active_record/connection_adapters/abstract/connection_pool.rb:188:in `checkout'
    org/jruby/RubyKernel.java:1408:in `loop'
    C:/Users/VictorManuel/AppData/Roaming/NetBeans/8.0.2/jruby/lib/ruby/gems/1.8/gems/activerecord-2.3.8/lib/active_record/connection_adapters/abstract/connection_pool.rb:184:in `checkout'
    C:/Users/VictorManuel/AppData/Roaming/NetBeans/8.0.2/jruby/lib/ruby/1.8/monitor.rb:191:in `mon_synchronize'
    C:/Users/VictorManuel/AppData/Roaming/NetBeans/8.0.2/jruby/lib/ruby/gems/1.8/gems/activerecord-2.3.8/lib/active_record/connection_adapters/abstract/connection_pool.rb:183:in `checkout'
    C:/Users/VictorManuel/AppData/Roaming/NetBeans/8.0.2/jruby/lib/ruby/gems/1.8/gems/activerecord-2.3.8/lib/active_record/connection_adapters/abstract/connection_pool.rb:98:in `connection'
    C:/Users/VictorManuel/AppData/Roaming/NetBeans/8.0.2/jruby/lib/ruby/gems/1.8/gems/activerecord-2.3.8/lib/active_record/connection_adapters/abstract/connection_pool.rb:326:in `retrieve_connection'
    C:/Users/VictorManuel/AppData/Roaming/NetBeans/8.0.2/jruby/lib/ruby/gems/1.8/gems/activerecord-2.3.8/lib/active_record/connection_adapters/abstract/connection_specification.rb:123:in `retrieve_connection'
    C:/Users/VictorManuel/AppData/Roaming/NetBeans/8.0.2/jruby/lib/ruby/gems/1.8/gems/activerecord-2.3.8/lib/active_record/connection_adapters/abstract/connection_specification.rb:115:in `connection'
    C:/Users/VictorManuel/AppData/Roaming/NetBeans/8.0.2/jruby/lib/ruby/gems/1.8/gems/activerecord-2.3.8/lib/active_record/query_cache.rb:9:in `cache'
    C:/Users/VictorManuel/AppData/Roaming/NetBeans/8.0.2/jruby/lib/ruby/gems/1.8/gems/activerecord-2.3.8/lib/active_record/query_cache.rb:28:in `call'
    C:/Users/VictorManuel/AppData/Roaming/NetBeans/8.0.2/jruby/lib/ruby/gems/1.8/gems/activerecord-2.3.8/lib/active_record/connection_adapters/abstract/connection_pool.rb:361:in `call'
    C:/Users/VictorManuel/AppData/Roaming/NetBeans/8.0.2/jruby/lib/ruby/gems/1.8/gems/actionpack-2.3.8/lib/action_controller/string_coercion.rb:25:in `call'
    C:/Users/VictorManuel/AppData/Roaming/NetBeans/8.0.2/jruby/lib/ruby/gems/1.8/gems/rack-1.1.3/lib/rack/head.rb:9:in `call'
    C:/Users/VictorManuel/AppData/Roaming/NetBeans/8.0.2/jruby/lib/ruby/gems/1.8/gems/rack-1.1.3/lib/rack/methodoverride.rb:24:in `call'
    C:/Users/VictorManuel/AppData/Roaming/NetBeans/8.0.2/jruby/lib/ruby/gems/1.8/gems/actionpack-2.3.8/lib/action_controller/params_parser.rb:15:in `call'
    C:/Users/VictorManuel/AppData/Roaming/NetBeans/8.0.2/jruby/lib/ruby/gems/1.8/gems/actionpack-2.3.8/lib/action_controller/session/cookie_store.rb:99:in `call'
    C:/Users/VictorManuel/AppData/Roaming/NetBeans/8.0.2/jruby/lib/ruby/gems/1.8/gems/actionpack-2.3.8/lib/action_controller/failsafe.rb:26:in `call'
    C:/Users/VictorManuel/AppData/Roaming/NetBeans/8.0.2/jruby/lib/ruby/gems/1.8/gems/rack-1.1.3/lib/rack/lock.rb:11:in `call'
    C:/Users/VictorManuel/AppData/Roaming/NetBeans/8.0.2/jruby/lib/ruby/gems/1.8/gems/rack-1.1.3/lib/rack/lock.rb:11:in `call'
    C:/Users/VictorManuel/AppData/Roaming/NetBeans/8.0.2/jruby/lib/ruby/gems/1.8/gems/actionpack-2.3.8/lib/action_controller/dispatcher.rb:114:in `call'
    C:/Users/VictorManuel/AppData/Roaming/NetBeans/8.0.2/jruby/lib/ruby/gems/1.8/gems/actionpack-2.3.8/lib/action_controller/reloader.rb:34:in `run'
    C:/Users/VictorManuel/AppData/Roaming/NetBeans/8.0.2/jruby/lib/ruby/gems/1.8/gems/actionpack-2.3.8/lib/action_controller/dispatcher.rb:108:in `call'
    C:/Users/VictorManuel/AppData/Roaming/NetBeans/8.0.2/jruby/lib/ruby/gems/1.8/gems/rails-2.3.8/lib/rails/rack/static.rb:31:in `call'
    C:/Users/VictorManuel/AppData/Roaming/NetBeans/8.0.2/jruby/lib/ruby/gems/1.8/gems/rack-1.1.3/lib/rack/urlmap.rb:49:in `call'
    org/jruby/RubyArray.java:1614:in `each'
    C:/Users/VictorManuel/AppData/Roaming/NetBeans/8.0.2/jruby/lib/ruby/gems/1.8/gems/rack-1.1.3/lib/rack/urlmap.rb:41:in `call'
    C:/Users/VictorManuel/AppData/Roaming/NetBeans/8.0.2/jruby/lib/ruby/gems/1.8/gems/rails-2.3.8/lib/rails/rack/log_tailer.rb:17:in `call'
    C:/Users/VictorManuel/AppData/Roaming/NetBeans/8.0.2/jruby/lib/ruby/gems/1.8/gems/rack-1.1.3/lib/rack/content_length.rb:13:in `call'
    C:/Users/VictorManuel/AppData/Roaming/NetBeans/8.0.2/jruby/lib/ruby/gems/1.8/gems/rack-1.1.3/lib/rack/handler/webrick.rb:48:in `service'
    C:/Users/VictorManuel/AppData/Roaming/NetBeans/8.0.2/jruby/lib/ruby/1.8/webrick/httpserver.rb:104:in `service'
    C:/Users/VictorManuel/AppData/Roaming/NetBeans/8.0.2/jruby/lib/ruby/1.8/webrick/httpserver.rb:65:in `run'
    C:/Users/VictorManuel/AppData/Roaming/NetBeans/8.0.2/jruby/lib/ruby/1.8/webrick/server.rb:173:in `start_thread'
    org/jruby/RubyProc.java:270:in `call'
    org/jruby/RubyProc.java:224:in `call'
